# JRE version: OpenJDK Runtime Environment (11.0.7+10) (build 11.0.7+10-post-Ubuntu-2ubuntu218.04)
# Java VM: OpenJDK 64-Bit Server VM (11.0.7+10-post-Ubuntu-2ubuntu218.04, mixed mode, sharing, tiered, compressed oops, g1 gc, linux-amd64)
Heap:
 garbage-first heap   total 407552K, used 18016K [0x000000008a400000, 0x0000000100000000)
  region size 1024K, 3 young (3072K), 3 survivors (3072K)
 Metaspace       used 24507K, capacity 25512K, committed 25776K, reserved 1071104K
  class space    used 3414K, capacity 3828K, committed 3840K, reserved 1048576K
GC Heap History (20 events):
Event: 0.770 GC heap after
{Heap after GC invocations=2 (full 0):
 garbage-first heap   total 122880K, used 5734K [0x000000008a400000, 0x0000000100000000)
  region size 1024K, 1 young (1024K), 1 survivors (1024K)
 Metaspace       used 415K, capacity 4518K, committed 4864K, reserved 1056768K
  class space    used 41K, capacity 399K, committed 512K, reserved 1048576K
}
Event: 2.841 GC heap before
{Heap before GC invocations=2 (full 0):
 garbage-first heap   total 122880K, used 53862K [0x000000008a400000, 0x0000000100000000)
  region size 1024K, 48 young (49152K), 1 survivors (1024K)
 Metaspace       used 11408K, capacity 11982K, committed 12288K, reserved 1060864K
  class space    used 1502K, capacity 1739K, committed 1792K, reserved 1048576K
}
Event: 2.876 GC heap after
{Heap after GC invocations=3 (full 0):
 garbage-first heap   total 122880K, used 10667K [0x000000008a400000, 0x0000000100000000)
  region size 1024K, 6 young (6144K), 6 survivors (6144K)
 Metaspace       used 11408K, capacity 11982K, committed 12288K, reserved 1060864K
  class space    used 1502K, capacity 1739K, committed 1792K, reserved 1048576K
}
Event: 3.325 GC heap before
{Heap before GC invocations=3 (full 0):
 garbage-first heap   total 122880K, used 50603K [0x000000008a400000, 0x0000000100000000)
  region size 1024K, 45 young (46080K), 6 survivors (6144K)
 Metaspace       used 15772K, capacity 16524K, committed 16640K, reserved 1062912K
  class space    used 2209K, capacity 2511K, committed 2560K, reserved 1048576K
}
Event: 3.367 GC heap after
{Heap after GC invocations=4 (full 0):
 garbage-first heap   total 122880K, used 12088K [0x000000008a400000, 0x0000000100000000)
  region size 1024K, 2 young (2048K), 2 survivors (2048K)
 Metaspace       used 15772K, capacity 16524K, committed 16640K, reserved 1062912K
  class space    used 2209K, capacity 2511K, committed 2560K, reserved 1048576K
}
Event: 4.029 GC heap before
{Heap before GC invocations=4 (full 0):
 garbage-first heap   total 122880K, used 43832K [0x000000008a400000, 0x0000000100000000)
  region size 1024K, 35 young (35840K), 2 survivors (2048K)
 Metaspace       used 20266K, capacity 21178K, committed 21296K, reserved 1067008K
  class space    used 2762K, capacity 3150K, committed 3200K, reserved 1048576K
}
Event: 4.053 GC heap after
{Heap after GC invocations=5 (full 0):
 garbage-first heap   total 203776K, used 13861K [0x000000008a400000, 0x0000000100000000)
  region size 1024K, 4 young (4096K), 4 survivors (4096K)
 Metaspace       used 20266K, capacity 21178K, committed 21296K, reserved 1067008K
  class space    used 2762K, capacity 3150K, committed 3200K, reserved 1048576K
}
Event: 20.983 GC heap before
{Heap before GC invocations=6 (full 0):
 garbage-first heap   total 203776K, used 60965K [0x000000008a400000, 0x0000000100000000)
  region size 1024K, 50 young (51200K), 4 survivors (4096K)
 Metaspace       used 21309K, capacity 22285K, committed 22448K, reserved 1069056K
  class space    used 2900K, capacity 3301K, committed 3328K, reserved 1048576K
}
Event: 21.010 GC heap after
{Heap after GC invocations=7 (full 0):
 garbage-first heap   total 203776K, used 15074K [0x000000008a400000, 0x0000000100000000)
  region size 1024K, 5 young (5120K), 5 survivors (5120K)
 Metaspace       used 21309K, capacity 22285K, committed 22448K, reserved 1069056K
  class space    used 2900K, capacity 3301K, committed 3328K, reserved 1048576K
}
Event: 65.611 GC heap before
{Heap before GC invocations=8 (full 0):
 garbage-first heap   total 203776K, used 71394K [0x000000008a400000, 0x0000000100000000)
  region size 1024K, 60 young (61440K), 5 survivors (5120K)
 Metaspace       used 21574K, capacity 22572K, committed 22832K, reserved 1069056K
  class space    used 2946K, capacity 3348K, committed 3456K, reserved 1048576K
}
Event: 68.669 GC heap after
{Heap after GC invocations=9 (full 0):
 garbage-first heap   total 203776K, used 15561K [0x000000008a400000, 0x0000000100000000)
  region size 1024K, 4 young (4096K), 4 survivors (4096K)
 Metaspace       used 21574K, capacity 22572K, committed 22832K, reserved 1069056K
  class space    used 2946K, capacity 3348K, committed 3456K, reserved 1048576K
}
Event: 84.891 GC heap before
{Heap before GC invocations=9 (full 0):
 garbage-first heap   total 203776K, used 20681K [0x000000008a400000, 0x0000000100000000)
  region size 1024K, 9 young (9216K), 4 survivors (4096K)
 Metaspace       used 21607K, capacity 22587K, committed 22832K, reserved 1069056K
  class space    used 2952K, capacity 3351K, committed 3456K, reserved 1048576K
}
Event: 84.935 GC heap after
{Heap after GC invocations=10 (full 0):
 garbage-first heap   total 203776K, used 16084K [0x000000008a400000, 0x0000000100000000)
  region size 1024K, 2 young (2048K), 2 survivors (2048K)
 Metaspace       used 21607K, capacity 22587K, committed 22832K, reserved 1069056K
  class space    used 2952K, capacity 3351K, committed 3456K, reserved 1048576K
}
Event: 87.581 GC heap before
{Heap before GC invocations=10 (full 0):
 garbage-first heap   total 203776K, used 23252K [0x000000008a400000, 0x0000000100000000)
  region size 1024K, 9 young (9216K), 2 survivors (2048K)
 Metaspace       used 21697K, capacity 22657K, committed 22832K, reserved 1069056K
  class space    used 2964K, capacity 3352K, committed 3456K, reserved 1048576K
}
Event: 87.607 GC heap after
{Heap after GC invocations=11 (full 0):
 garbage-first heap   total 203776K, used 15872K [0x000000008a400000, 0x0000000100000000)
  region size 1024K, 2 young (2048K), 2 survivors (2048K)
 Metaspace       used 21697K, capacity 22657K, committed 22832K, reserved 1069056K
  class space    used 2964K, capacity 3352K, committed 3456K, reserved 1048576K
}
Event: 99.443 GC heap before
{Heap before GC invocations=11 (full 0):
 garbage-first heap   total 203776K, used 31232K [0x000000008a400000, 0x0000000100000000)
  region size 1024K, 17 young (17408K), 2 survivors (2048K)
 Metaspace       used 22576K, capacity 23608K, committed 23984K, reserved 1069056K
  class space    used 3085K, capacity 3495K, committed 3584K, reserved 1048576K
}
Event: 100.110 GC heap after
{Heap after GC invocations=12 (full 0):
 garbage-first heap   total 203776K, used 16415K [0x000000008a400000, 0x0000000100000000)
  region size 1024K, 2 young (2048K), 2 survivors (2048K)
 Metaspace       used 22576K, capacity 23608K, committed 23984K, reserved 1069056K
  class space    used 3085K, capacity 3495K, committed 3584K, reserved 1048576K
}
Event: 112.286 GC heap before
{Heap before GC invocations=12 (full 0):
 garbage-first heap   total 203776K, used 25631K [0x000000008a400000, 0x0000000100000000)
  region size 1024K, 11 young (11264K), 2 survivors (2048K)
 Metaspace       used 22996K, capacity 24004K, committed 24240K, reserved 1071104K
  class space    used 3165K, capacity 3562K, committed 3584K, reserved 1048576K
}
Event: 112.626 GC heap after
{Heap after GC invocations=13 (full 0):
 garbage-first heap   total 203776K, used 16905K [0x000000008a400000, 0x0000000100000000)
  region size 1024K, 2 young (2048K), 2 survivors (2048K)
 Metaspace       used 22996K, capacity 24004K, committed 24240K, reserved 1071104K
  class space    used 3165K, capacity 3562K, committed 3584K, reserved 1048576K
}
Event: 162.843 GC heap before
{Heap before GC invocations=13 (full 0):
 garbage-first heap   total 203776K, used 36361K [0x000000008a400000, 0x0000000100000000)
  region size 1024K, 21 young (21504K), 2 survivors (2048K)
 Metaspace       used 24507K, capacity 25512K, committed 25776K, reserved 1071104K
  class space    used 3414K, capacity 3828K, committed 3840K, reserved 1048576K
}

